<?xml version="1.0" encoding="UTF-8"?>
<!-- Generated by org.testng.reporters.JUnitReportReporter -->
<testsuite hostname="MacBook-Air-moyo.local" name="com.extended.list.ExtendedListPerformanceTest" tests="4" failures="0" timestamp="14 Jan 2015 11:26:29 GMT" time="1.684" errors="0">
  <testcase name="runTest" time="0.240" classname="com.extended.list.ExtendedListPerformanceTest"/>
  <testcase name="runTest" time="0.250" classname="com.extended.list.ExtendedListPerformanceTest"/>
  <testcase name="runTest" time="0.284" classname="com.extended.list.ExtendedListPerformanceTest"/>
  <testcase name="runTest" time="0.910" classname="com.extended.list.ExtendedListPerformanceTest"/>
</testsuite> <!-- com.extended.list.ExtendedListPerformanceTest -->
