<?xml version="1.0" encoding="UTF-8"?>
<!-- Generated by org.testng.reporters.JUnitReportReporter -->
<testsuite hostname="MacBook-Air-moyo.local" name="com.extended.list.ExtendedListPerformanceTest" tests="4" failures="0" timestamp="14 Jan 2015 08:17:56 GMT" time="1.670" errors="0">
  <testcase name="runTest" time="0.112" classname="com.extended.list.ExtendedListPerformanceTest"/>
  <testcase name="runTest" time="0.851" classname="com.extended.list.ExtendedListPerformanceTest"/>
  <testcase name="runTest" time="0.630" classname="com.extended.list.ExtendedListPerformanceTest"/>
  <testcase name="runTest" time="0.077" classname="com.extended.list.ExtendedListPerformanceTest"/>
</testsuite> <!-- com.extended.list.ExtendedListPerformanceTest -->
