<?xml version="1.0" encoding="UTF-8"?>
<!-- Generated by org.testng.reporters.JUnitReportReporter -->
<testsuite hostname="MacBook-Air-moyo.local" name="com.extended.list.ExtendedListMultiThreadTest" tests="8" failures="0" timestamp="14 Jan 2015 11:26:23 GMT" time="37.980" errors="0">
  <testcase name="whenAdd" time="3.335" classname="com.extended.list.ExtendedListMultiThreadTest"/>
  <testcase name="whenAdd" time="4.918" classname="com.extended.list.ExtendedListMultiThreadTest"/>
  <testcase name="whenAdd" time="3.344" classname="com.extended.list.ExtendedListMultiThreadTest"/>
  <testcase name="whenAdd" time="5.493" classname="com.extended.list.ExtendedListMultiThreadTest"/>
  <testcase name="whenAdd" time="5.519" classname="com.extended.list.ExtendedListMultiThreadTest"/>
  <testcase name="whenAdd" time="4.931" classname="com.extended.list.ExtendedListMultiThreadTest"/>
  <testcase name="whenAdd" time="4.918" classname="com.extended.list.ExtendedListMultiThreadTest"/>
  <testcase name="whenAdd" time="5.522" classname="com.extended.list.ExtendedListMultiThreadTest"/>
</testsuite> <!-- com.extended.list.ExtendedListMultiThreadTest -->
