<?xml version="1.0" encoding="UTF-8"?>
<!-- Generated by org.testng.reporters.JUnitReportReporter -->
<testsuite hostname="MacBook-Air-moyo.local" name="com.extended.list.ExtendedListSingleThreadTest" tests="8" failures="0" timestamp="14 Jan 2015 07:47:46 GMT" time="0.040" errors="0">
  <testcase name="testGetIndexInBucket" time="0.001" classname="com.extended.list.ExtendedListSingleThreadTest"/>
  <testcase name="testAddGetSize" time="0.031" classname="com.extended.list.ExtendedListSingleThreadTest"/>
  <testcase name="testIndexInLessBucket" time="0.001" classname="com.extended.list.ExtendedListSingleThreadTest"/>
  <testcase name="testIndexInMoreBucket" time="0.002" classname="com.extended.list.ExtendedListSingleThreadTest"/>
  <testcase name="testLessIndexInBucket" time="0.002" classname="com.extended.list.ExtendedListSingleThreadTest"/>
  <testcase name="testGetIndexOutOfBounds" time="0.001" classname="com.extended.list.ExtendedListSingleThreadTest"/>
  <testcase name="testGetBucket" time="0.001" classname="com.extended.list.ExtendedListSingleThreadTest"/>
  <testcase name="testMoreIndexInBucket" time="0.001" classname="com.extended.list.ExtendedListSingleThreadTest"/>
</testsuite> <!-- com.extended.list.ExtendedListSingleThreadTest -->
