<?xml version="1.0" encoding="UTF-8"?>
<!-- Generated by org.testng.reporters.JUnitReportReporter -->
<testsuite hostname="MacBook-Air-moyo.local" name="com.extended.list.ExtendedListMultiThreadTest" tests="8" failures="0" timestamp="14 Jan 2015 08:16:37 GMT" time="42.951" errors="0">
  <testcase name="whenAdd" time="5.611" classname="com.extended.list.ExtendedListMultiThreadTest"/>
  <testcase name="whenAdd" time="5.589" classname="com.extended.list.ExtendedListMultiThreadTest"/>
  <testcase name="whenAdd" time="5.593" classname="com.extended.list.ExtendedListMultiThreadTest"/>
  <testcase name="whenAdd" time="5.600" classname="com.extended.list.ExtendedListMultiThreadTest"/>
  <testcase name="whenAdd" time="5.612" classname="com.extended.list.ExtendedListMultiThreadTest"/>
  <testcase name="whenAdd" time="5.494" classname="com.extended.list.ExtendedListMultiThreadTest"/>
  <testcase name="whenAdd" time="3.850" classname="com.extended.list.ExtendedListMultiThreadTest"/>
  <testcase name="whenAdd" time="5.602" classname="com.extended.list.ExtendedListMultiThreadTest"/>
</testsuite> <!-- com.extended.list.ExtendedListMultiThreadTest -->
